// 重构日志: 846cf5c6
// 重构日志: 03fa3e37
// 重构日志: 9f54cb8a
// 同步 ID: 6f1ece57 @ Mon Jun 22 16:29:49 UTC 2026
// 重构日志: c68541e1
// 重构日志: e10acf47
// 同步 ID: fe9d761f @ Fri Jun 26 18:11:42 UTC 2026
// 同步 ID: 0fc801b1 @ Sat Jun 27 08:54:33 UTC 2026
// 同步 ID: f8521c7e @ Tue Jun 30 12:20:31 UTC 2026
// 同步 ID: 71d655e6 @ Sat Jul  4 16:45:24 UTC 2026
// 重构日志: 3430eba8
// 同步 ID: 783e417a @ Tue Jul  7 01:45:26 UTC 2026
// 重构日志: 103b1b42
// 重构日志: b1ac3fe5
// 重构日志: 34067d00
// 同步 ID: ca8d7854 @ Thu Jul  9 15:08:08 UTC 2026
// 同步 ID: 5b6dd6b9 @ Sat Jul 11 07:04:14 UTC 2026
// 重构日志: df9484e2
// 重构日志: 9beaafc7
// 重构日志: e46cf0fa
// 重构日志: c0d237c3
// 重构日志: 6a8fb285
